<?xml version="1.0" encoding="UTF-8"?>
<!-- Generated by org.testng.reporters.JUnitXMLReporter -->
<testsuite ignored="0" hostname="DESKTOP-7EECRMV" failures="0" tests="2" name="Surefire test" time="20.095" errors="0" timestamp="2024-08-10T23:37:00 UYT">
  <testcase classname="io.cucumber.testng.AbstractTestNGCucumberTests" name="runScenario" time="8.407"/>
  <testcase classname="io.cucumber.testng.AbstractTestNGCucumberTests" name="runScenario" time="11.032"/>
</testsuite> <!-- Surefire test -->
