<?xml version="1.0" encoding="UTF-8"?>
<!-- Generated by org.testng.reporters.JUnitXMLReporter -->
<testsuite ignored="0" hostname="DESKTOP-7EECRMV" failures="1" tests="2" name="Order Test" time="64.033" errors="0" timestamp="2024-08-10T21:51:37 UYT">
  <testcase classname="elcoso.Tests.SubmitOrderTest" name="submitOrder" time="5.252"/>
  <testcase classname="elcoso.Tests.SubmitOrderTest" name="submitOrder" time="4.179">
    <failure type="java.lang.AssertionError" message="expected [true] but found [false]">
      <![CDATA[java.lang.AssertionError: expected [true] but found [false]
at elcoso.Tests.SubmitOrderTest.submitOrder(SubmitOrderTest.java:34)
at java.base/java.util.ArrayList.forEach(ArrayList.java:1596)
at java.base/java.util.concurrent.FutureTask.run(FutureTask.java:317)
at java.base/java.util.concurrent.ThreadPoolExecutor.runWorker(ThreadPoolExecutor.java:1144)
at java.base/java.util.concurrent.ThreadPoolExecutor$Worker.run(ThreadPoolExecutor.java:642)
at java.base/java.lang.Thread.run(Thread.java:1583)
... Removed 19 stack frames]]>
    </failure>
  </testcase> <!-- submitOrder -->
</testsuite> <!-- Order Test -->
