<?xml version="1.0" encoding="UTF-8"?>
<testng-results ignored="0" total="2" passed="2" failed="0" skipped="0">
  <reporter-output>
  </reporter-output>
  <suite started-at="2024-08-10T23:34:22 UYT" name="Default suite" finished-at="2024-08-10T23:34:46 UYT" duration-ms="23356">
    <groups>
    </groups>
    <test started-at="2024-08-10T23:34:22 UYT" name="Default test" finished-at="2024-08-10T23:34:46 UYT" duration-ms="23356">
      <class name="elcoso.Tests.SubmitOrderTest">
        <test-method is-config="true" signature="launchApp()[pri:0, instance:elcoso.Tests.SubmitOrderTest@79e4c792]" started-at="2024-08-10T23:34:22 UYT" name="launchApp" finished-at="2024-08-10T23:34:29 UYT" duration-ms="6977" status="PASS">
          <reporter-output>
          </reporter-output>
        </test-method> <!-- launchApp -->
        <test-method signature="submitOrder(java.util.HashMap)[pri:0, instance:elcoso.Tests.SubmitOrderTest@79e4c792]" started-at="2024-08-10T23:34:29 UYT" name="submitOrder" data-provider="getData" finished-at="2024-08-10T23:34:34 UYT" duration-ms="4301" status="PASS">
          <params>
            <param index="0">
              <value>
                <![CDATA[{pass=Pass123!, product=ZARA COAT 3, email=elmoskito@coso.com}]]>
              </value>
            </param>
          </params>
          <reporter-output>
          </reporter-output>
        </test-method> <!-- submitOrder -->
        <test-method is-config="true" signature="tearDown()[pri:0, instance:elcoso.Tests.SubmitOrderTest@79e4c792]" started-at="2024-08-10T23:34:34 UYT" name="tearDown" finished-at="2024-08-10T23:34:34 UYT" duration-ms="102" status="PASS">
          <reporter-output>
          </reporter-output>
        </test-method> <!-- tearDown -->
        <test-method is-config="true" signature="launchApp()[pri:0, instance:elcoso.Tests.SubmitOrderTest@79e4c792]" started-at="2024-08-10T23:34:34 UYT" name="launchApp" finished-at="2024-08-10T23:34:41 UYT" duration-ms="7392" status="PASS">
          <reporter-output>
          </reporter-output>
        </test-method> <!-- launchApp -->
        <test-method signature="submitOrder(java.util.HashMap)[pri:0, instance:elcoso.Tests.SubmitOrderTest@79e4c792]" started-at="2024-08-10T23:34:41 UYT" name="submitOrder" data-provider="getData" finished-at="2024-08-10T23:34:46 UYT" duration-ms="4414" status="PASS">
          <params>
            <param index="0">
              <value>
                <![CDATA[{pass=Iamking@000, product=IPHONE 13 PRO, email=shetty@gmail.com}]]>
              </value>
            </param>
          </params>
          <reporter-output>
          </reporter-output>
        </test-method> <!-- submitOrder -->
        <test-method is-config="true" signature="tearDown()[pri:0, instance:elcoso.Tests.SubmitOrderTest@79e4c792]" started-at="2024-08-10T23:34:46 UYT" name="tearDown" finished-at="2024-08-10T23:34:46 UYT" duration-ms="124" status="PASS">
          <reporter-output>
          </reporter-output>
        </test-method> <!-- tearDown -->
      </class> <!-- elcoso.Tests.SubmitOrderTest -->
    </test> <!-- Default test -->
  </suite> <!-- Default suite -->
</testng-results>
