<?xml version="1.0" encoding="UTF-8"?>
<!-- Generated by org.testng.reporters.JUnitReportReporter -->
<testsuite hostname="DESKTOP-7EECRMV" failures="0" tests="2" name="elcoso.Tests.SubmitOrderTest" time="23.131" errors="0" timestamp="2024-08-10T23:35:38 UYT" skipped="0">
  <testcase classname="elcoso.Tests.SubmitOrderTest" name="submitOrder" time="10.701"/>
  <testcase classname="elcoso.Tests.SubmitOrderTest" name="submitOrder" time="12.430"/>
</testsuite> <!-- elcoso.Tests.SubmitOrderTest -->
